2016-02-17 11:40:36,536 - run_websocket.py - DEBUG - Websocket: session_key: riybj15jxm9qavi5vw8x2zx0yprxn0a3
2016-02-17 11:40:36,780 - run_websocket.py - DEBUG - Websocket: session: Session object
2016-02-17 11:40:36,828 - run_websocket.py - DEBUG - Websocket: user [ admin ] request websocket
2016-02-17 11:40:36,828 - run_websocket.py - DEBUG - Websocket: Open request
2016-02-17 11:40:36,879 - run_websocket.py - DEBUG - Websocket: Close request
2016-02-20 23:59:35,176 - perm_api.py - DEBUG - 生成res: []
2016-02-20 23:59:35,568 - ansible_api.py - DEBUG - {'dark': {}, 'contacted': {}}
2016-02-20 23:59:35,614 - views.py - DEBUG - {'failed': {}, 'ok': {}}
2016-03-11 10:28:14,293 - user_api.py - DEBUG - 生成ssh key， 并设置authorized_keys
2016-04-05 15:27:05,468 - user_api.py - DEBUG - 生成ssh key， 并设置authorized_keys
2016-05-04 18:30:22,879 - api.py - DEBUG - 请求次数: 11
2016-05-04 18:30:24,866 - api.py - DEBUG - 请求次数: 11
2016-05-04 18:30:29,748 - api.py - DEBUG - 请求次数: 11
2016-05-04 18:31:06,673 - api.py - DEBUG - 请求次数: 11
2016-05-04 18:31:11,934 - api.py - DEBUG - 请求次数: 11
2016-05-04 18:31:12,822 - api.py - DEBUG - 请求次数: 11
2016-05-04 18:31:14,939 - api.py - DEBUG - 请求次数: 11
2016-05-04 18:31:43,870 - api.py - DEBUG - 请求次数: 11
2016-05-04 18:31:46,622 - api.py - DEBUG - 请求次数: 11
2016-05-04 18:32:56,363 - api.py - DEBUG - 请求次数: 11
2016-05-04 18:32:58,973 - api.py - DEBUG - 请求次数: 11
2016-05-04 18:33:04,370 - api.py - DEBUG - 请求次数: 11
2016-05-04 18:33:12,125 - api.py - DEBUG - 请求次数: 11
2016-05-16 08:19:59,691 - views.py - DEBUG - start.....
2016-05-16 08:21:04,147 - views.py - DEBUG - start.....
2016-05-16 08:21:33,773 - views.py - DEBUG - start.....
2016-05-16 08:22:06,608 - views.py - DEBUG - start.....
2016-05-16 08:22:06,610 - views.py - DEBUG - TEST
2016-05-16 08:22:44,236 - views.py - DEBUG - start.....
2016-05-16 08:22:44,238 - views.py - DEBUG - TEST
2016-05-16 08:23:23,152 - views.py - DEBUG - start.....
2016-05-16 08:23:23,152 - views.py - DEBUG - [<Application: TEST>]
2016-05-16 08:44:09,705 - views.py - DEBUG - <QueryDict: {u'modify_form[1][value]': [u'normal'], u'modify_form[5][name]': [u'data_volume'], u'modify_form[0][name]': [u'env_type'], u'modify_form[4][name]': [u'os_type'], u'modify_form[6][value]': [u'1'], u'modify_form[4][value]': [u''], u'modify_form[1][name]': [u'fun_type'], u'modify_form[3][name]': [u'memory'], u'request_id': [u'11'], u'modify_form[2][value]': [u'2'], u'modify_form[2][name]': [u'cpu'], u'modify_form[0][value]': [u'TEST'], u'modify_form[3][value]': [u'4'], u'modify_form[5][value]': [u'20'], u'modify_form[6][name]': [u'request_num']}>
2016-05-16 08:51:56,285 - views.py - DEBUG - <QueryDict: {u'modify_form[1][value]': [u'normal'], u'modify_form[5][name]': [u'data_volume'], u'modify_form[0][name]': [u'env_type'], u'modify_form[4][name]': [u'os_type'], u'modify_form[6][value]': [u'1'], u'modify_form[4][value]': [u''], u'modify_form[1][name]': [u'fun_type'], u'modify_form[3][name]': [u'memory'], u'request_id': [u'11'], u'modify_form[2][value]': [u'2'], u'modify_form[2][name]': [u'cpu'], u'modify_form[0][value]': [u'TEST'], u'modify_form[3][value]': [u'4'], u'modify_form[5][value]': [u'20'], u'modify_form[6][name]': [u'request_num']}>
2016-05-16 08:54:46,761 - views.py - DEBUG - <QueryDict: {u'fun_type': [u'normal'], u'request_num': [u'1'], u'env_type': [u'TEST'], u'memory': [u'4'], u'os_type': [u''], u'cpu': [u'2'], u'data_volume': [u'20']}>
2016-05-16 08:56:24,536 - views.py - DEBUG - 
2016-05-16 08:57:14,785 - views.py - DEBUG - 2
2016-05-16 08:59:43,532 - views.py - DEBUG - 2
2016-05-16 09:00:18,230 - views.py - DEBUG - 2
2016-05-16 09:18:52,255 - views.py - DEBUG - "[{\"pk\": 11, \"model\": \"vmmanager.application\", \"fields\": {\"apply_status\": \"HD\", \"memory_gb\": 4, \"apply_reason\": \"43243\", \"app_name\": \"3243\", \"fun_type\": \"normal\", \"request_vm_num\": 4, \"env_type\": \"TEST\", \"datadisk_gb\": 20, \"apply_date\": \"2016-05-15T22:41:26\", \"os_type\": \"WINDOWS 2003 R2\", \"cpu\": 2, \"user\": 5}}]"
2016-05-16 13:17:31,321 - views.py - DEBUG - start..
2016-05-16 13:18:19,220 - views.py - DEBUG - start..
2016-05-16 13:20:12,309 - views.py - DEBUG - start..
2016-05-16 13:47:22,293 - views.py - ERROR - (1054, "Unknown column 'vmmanager_template.id' in 'field list'")
2016-05-16 13:47:27,600 - views.py - ERROR - (1054, "Unknown column 'vmmanager_template.id' in 'field list'")
2016-05-16 16:18:17,334 - views.py - DEBUG - start
2016-05-16 16:19:08,872 - views.py - DEBUG - <QueryDict: {u'env_type': [u'fdssfd'], u'env_option': [u'123']}>
2016-05-16 16:20:10,036 - views.py - DEBUG - <QueryDict: {u'env_type': [u'terst'], u'env_option': [u'TETTE']}>
2016-05-16 16:21:42,932 - views.py - DEBUG - <QueryDict: {u'env_type': [u'dsdada'], u'env_option': [u'DSSS']}>
2016-05-16 16:22:57,952 - views.py - DEBUG - <QueryDict: {u'env_type': [u'fsdfs'], u'env_option': [u'3424324']}>
2016-05-16 16:25:30,609 - views.py - DEBUG - <QueryDict: {u'env_type': [u'dfsdfds'], u'env_option': [u'34324']}>
2016-05-16 16:26:19,799 - views.py - DEBUG - <QueryDict: {u'env_type': [u'sdfsd'], u'env_option': [u'fdsfsd']}>
2016-05-16 16:28:24,460 - views.py - DEBUG - <QueryDict: {u'env_type': [u'fdsfdds'], u'env_option': [u'123']}>
2016-05-16 16:29:34,207 - views.py - DEBUG - <QueryDict: {u'env_type': [u'fdsfds'], u'env_option': [u'1243']}>
2016-05-16 16:31:02,212 - views.py - DEBUG - <QueryDict: {u'env_type': [u'dasd'], u'env_option': [u'4565']}>
2016-05-16 16:31:40,864 - views.py - DEBUG - <QueryDict: {u'env_type': [u'gfdgfdg'], u'env_option': [u'123344']}>
2016-05-16 16:37:13,515 - views.py - DEBUG - <QueryDict: {u'env_type': [u'dsfdsfds'], u'env_option': [u'67676']}>
2016-05-16 16:38:30,692 - views.py - DEBUG - <QueryDict: {u'env_type': [u'fdgfdgfd'], u'env_option': [u'1232321']}>
2016-05-16 17:10:52,136 - views.py - DEBUG - 22
2016-05-16 17:10:55,041 - views.py - DEBUG - 21
2016-05-16 17:10:57,745 - views.py - DEBUG - 20
2016-05-16 17:11:00,149 - views.py - DEBUG - 19
2016-05-16 17:11:02,620 - views.py - DEBUG - 18
2016-05-16 17:11:05,253 - views.py - DEBUG - 17
2016-05-16 17:11:07,633 - views.py - DEBUG - 16
2016-05-16 17:11:10,324 - views.py - DEBUG - 15
2016-05-16 17:11:12,712 - views.py - DEBUG - 14
2016-05-16 17:12:23,269 - views.py - DEBUG - 13
2016-05-16 17:12:53,291 - views.py - DEBUG - <QueryDict: {u'env_type': [u'\u6d4b\u8bd5\u73af\u5883'], u'env_option': [u'TEST']}>
2016-05-16 17:13:18,576 - views.py - DEBUG - <QueryDict: {u'env_type': [u'\u5f00\u53d1\u73af\u5883'], u'env_option': [u'DEVP']}>
2016-05-16 19:23:10,770 - views.py - DEBUG - <QueryDict: {u'env_type': [u'\u58eb\u5927\u592b\u5927\u8d5b'], u'env_option': [u'\uff14\uff13\uff14']}>
2016-05-16 19:29:04,296 - views.py - DEBUG - <QueryDict: {u'env_type': [u'\u58eb\u5927\u592b\u5927\u8d5b'], u'env_option': [u'\uff12'], u'id': [u'25']}>
2016-05-16 19:29:52,253 - views.py - DEBUG - <QueryDict: {u'env_type': [u'\u58eb\u5927\u592b\u5927\u8d5b'], u'env_option': [u'\uff14'], u'id': [u'25']}>
2016-05-16 19:31:43,719 - views.py - DEBUG - <QueryDict: {u'env_type': [u'\u58eb\u5927\u592b\u5927\u8d5b'], u'env_option': [u'\uff14'], u'id': [u'25']}>
2016-05-16 19:32:01,607 - views.py - DEBUG - <QueryDict: {u'env_type': [u'\uff14'], u'env_option': [u'\u58eb\u5927\u592b\u5927\u8d5b'], u'id': [u'25']}>
2016-05-16 19:32:41,244 - views.py - DEBUG - <QueryDict: {u'env_type': [u'\u58eb\u5927\u592b\u5927\u8d5b'], u'env_option': [u'\uff14\uff12'], u'id': [u'25']}>
2016-05-16 19:33:57,639 - views.py - DEBUG - <QueryDict: {u'env_type': [u'\uff11\uff12'], u'env_option': [u'\u5927\u8d5b\u5927\u8d5b\u7684'], u'id': [u'25']}>
2016-05-16 19:34:15,262 - views.py - DEBUG - <QueryDict: {u'env_type': [u'\uff11\uff12'], u'env_option': [u'\u5927\u8d5b\u5927\u8d5b\u7684\u5927\u58f0\u5730\u8bf4'], u'id': [u'25']}>
2016-05-16 19:40:48,763 - views.py - DEBUG - <QueryDict: {u'env_type': [u'DEVP'], u'env_option': [u'\u5f00\u53d1\u73af\u5883'], u'id': [u'24']}>
2016-05-16 19:40:50,554 - views.py - DEBUG - <QueryDict: {u'env_type': [u'\uff11\uff12'], u'env_option': [u'\u5927\u8d5b\u5927\u8d5b\u7684\u5927\u58f0\u5730\u8bf4'], u'id': [u'25']}>
